[00:18:17.021] Global cache location '/Users/savkevip/Library/Caches/typescript/4.9', safe file path '/users/savkevip/personal/oaks-lab-task/node_modules/typescript/lib/typingsafelist.json', types map path /users/savkevip/personal/oaks-lab-task/node_modules/typescript/lib/typesmap.json
[00:18:17.022] Processing cache location '/Users/savkevip/Library/Caches/typescript/4.9'
[00:18:17.022] Trying to find '/Users/savkevip/Library/Caches/typescript/4.9/package.json'...
[00:18:17.025] Loaded content of '/Users/savkevip/Library/Caches/typescript/4.9/package.json': {"private":true,"dependencies":{"types-registry":"^0.1.628"}}
[00:18:17.025] Loaded content of '/Users/savkevip/Library/Caches/typescript/4.9/package-lock.json'
[00:18:17.025] Finished processing cache location '/Users/savkevip/Library/Caches/typescript/4.9'
[00:18:17.025] Process id: 34953
[00:18:17.026] NPM location: /usr/local/bin/npm (explicit '--npmLocation' not  provided)
[00:18:17.026] validateDefaultNpmLocation: false
[00:18:17.026] Npm config file: /Users/savkevip/Library/Caches/typescript/4.9/package.json
[00:18:17.026] Updating types-registry npm package...
[00:18:17.026] Exec: /usr/local/bin/npm install --ignore-scripts types-registry@latest
[00:18:17.961]     Succeeded. stdout:
    
    up to date, audited 2 packages in 528ms

found 0 vulnerabilities

[00:18:17.961] Updated types-registry npm package
[07:43:15.212] Got install request {"projectName":"/dev/null/inferredProject1*","fileNames":[],"compilerOptions":{"module":1,"target":3,"jsx":1,"allowJs":true,"allowSyntheticDefaultImports":true,"allowNonTsExtensions":true,"noEmitForJsFiles":true},"typeAcquisition":{"enable":true,"include":[],"exclude":[]},"unresolvedImports":[],"projectRootPath":"/Users/savkevip/personal/oaks-lab-task/server/src/utils","kind":"discover"}
[07:43:15.248] Loaded safelist from types map file '/users/savkevip/personal/oaks-lab-task/node_modules/typescript/lib/typesmap.json'
[07:43:15.249] Explicitly included types: []
[07:43:15.250] Inferred typings from unresolved imports: []
[07:43:15.250] Result: {"cachedTypingPaths":[],"newTypingNames":[],"filesToWatch":["/Users/savkevip/personal/oaks-lab-task/server/src/utils/bower_components","/Users/savkevip/personal/oaks-lab-task/server/src/utils/node_modules"]}
[07:43:15.250] Finished typings discovery: {"cachedTypingPaths":[],"newTypingNames":[],"filesToWatch":["/Users/savkevip/personal/oaks-lab-task/server/src/utils/bower_components","/Users/savkevip/personal/oaks-lab-task/server/src/utils/node_modules"]}
[07:43:15.251] DirectoryWatcher:: Added:: WatchInfo: /Users/savkevip/personal/oaks-lab-task/server/src/utils/bower_components
[07:43:15.251] DirectoryWatcher:: Added:: WatchInfo: /Users/savkevip/personal/oaks-lab-task/server/src/utils/bower_components 1 undefined Project: /dev/null/inferredProject1* watcher already invoked: false
[07:43:15.253] Elapsed:: 1.935163974761963ms DirectoryWatcher:: Added:: WatchInfo: /Users/savkevip/personal/oaks-lab-task/server/src/utils/bower_components 1 undefined Project: /dev/null/inferredProject1* watcher already invoked: false
[07:43:15.254] DirectoryWatcher:: Added:: WatchInfo: /Users/savkevip/personal/oaks-lab-task/server/src/utils/node_modules
[07:43:15.254] DirectoryWatcher:: Added:: WatchInfo: /Users/savkevip/personal/oaks-lab-task/server/src/utils/node_modules 1 undefined Project: /dev/null/inferredProject1* watcher already invoked: false
[07:43:15.254] Elapsed:: 0.1158980131149292ms DirectoryWatcher:: Added:: WatchInfo: /Users/savkevip/personal/oaks-lab-task/server/src/utils/node_modules 1 undefined Project: /dev/null/inferredProject1* watcher already invoked: false
[07:43:15.254] Sending response:
    {"projectName":"/dev/null/inferredProject1*","typeAcquisition":{"enable":true,"include":[],"exclude":[]},"compilerOptions":{"module":1,"target":3,"jsx":1,"allowJs":true,"allowSyntheticDefaultImports":true,"allowNonTsExtensions":true,"noEmitForJsFiles":true},"typings":[],"unresolvedImports":[],"kind":"action::set"}
[07:43:15.255] Response has been sent.
[07:43:15.255] No new typings were requested as a result of typings discovery
