[12:36:13.999] Global cache location '/Users/savkevip/Library/Caches/typescript/4.9', safe file path '/users/savkevip/personal/oaks-lab-task/node_modules/typescript/lib/typingsafelist.json', types map path /users/savkevip/personal/oaks-lab-task/node_modules/typescript/lib/typesmap.json
[12:36:14.008] Processing cache location '/Users/savkevip/Library/Caches/typescript/4.9'
[12:36:14.008] Trying to find '/Users/savkevip/Library/Caches/typescript/4.9/package.json'...
[12:36:14.009] Loaded content of '/Users/savkevip/Library/Caches/typescript/4.9/package.json': {"private":true,"dependencies":{"types-registry":"^0.1.628"}}
[12:36:14.009] Loaded content of '/Users/savkevip/Library/Caches/typescript/4.9/package-lock.json'
[12:36:14.009] Finished processing cache location '/Users/savkevip/Library/Caches/typescript/4.9'
[12:36:14.009] Process id: 37064
[12:36:14.010] NPM location: /usr/local/bin/npm (explicit '--npmLocation' not  provided)
[12:36:14.010] validateDefaultNpmLocation: false
[12:36:14.010] Npm config file: /Users/savkevip/Library/Caches/typescript/4.9/package.json
[12:36:14.010] Updating types-registry npm package...
[12:36:14.010] Exec: /usr/local/bin/npm install --ignore-scripts types-registry@latest
[12:36:15.010]     Succeeded. stdout:
    
    up to date, audited 2 packages in 652ms

found 0 vulnerabilities

[12:36:15.011] Updated types-registry npm package
[12:39:19.876] Got install request {"projectName":"/dev/null/inferredProject1*","fileNames":[],"compilerOptions":{"module":1,"target":3,"jsx":1,"allowJs":true,"allowSyntheticDefaultImports":true,"allowNonTsExtensions":true,"noEmitForJsFiles":true},"typeAcquisition":{"enable":true,"include":[],"exclude":[]},"unresolvedImports":[],"projectRootPath":"/Users/savkevip/personal/oaks-lab-task/server/src/db","kind":"discover"}
[12:39:19.908] Loaded safelist from types map file '/users/savkevip/personal/oaks-lab-task/node_modules/typescript/lib/typesmap.json'
[12:39:19.908] Explicitly included types: []
[12:39:19.909] Inferred typings from unresolved imports: []
[12:39:19.909] Result: {"cachedTypingPaths":[],"newTypingNames":[],"filesToWatch":["/Users/savkevip/personal/oaks-lab-task/server/src/db/bower_components","/Users/savkevip/personal/oaks-lab-task/server/src/db/node_modules"]}
[12:39:19.909] Finished typings discovery: {"cachedTypingPaths":[],"newTypingNames":[],"filesToWatch":["/Users/savkevip/personal/oaks-lab-task/server/src/db/bower_components","/Users/savkevip/personal/oaks-lab-task/server/src/db/node_modules"]}
[12:39:19.910] DirectoryWatcher:: Added:: WatchInfo: /Users/savkevip/personal/oaks-lab-task/server/src/db/bower_components
[12:39:19.910] DirectoryWatcher:: Added:: WatchInfo: /Users/savkevip/personal/oaks-lab-task/server/src/db/bower_components 1 undefined Project: /dev/null/inferredProject1* watcher already invoked: false
[12:39:19.911] Elapsed:: 1.0050740242004395ms DirectoryWatcher:: Added:: WatchInfo: /Users/savkevip/personal/oaks-lab-task/server/src/db/bower_components 1 undefined Project: /dev/null/inferredProject1* watcher already invoked: false
[12:39:19.911] DirectoryWatcher:: Added:: WatchInfo: /Users/savkevip/personal/oaks-lab-task/server/src/db/node_modules
[12:39:19.911] DirectoryWatcher:: Added:: WatchInfo: /Users/savkevip/personal/oaks-lab-task/server/src/db/node_modules 1 undefined Project: /dev/null/inferredProject1* watcher already invoked: false
[12:39:19.912] Elapsed:: 0.10702604055404663ms DirectoryWatcher:: Added:: WatchInfo: /Users/savkevip/personal/oaks-lab-task/server/src/db/node_modules 1 undefined Project: /dev/null/inferredProject1* watcher already invoked: false
[12:39:19.912] Sending response:
    {"projectName":"/dev/null/inferredProject1*","typeAcquisition":{"enable":true,"include":[],"exclude":[]},"compilerOptions":{"module":1,"target":3,"jsx":1,"allowJs":true,"allowSyntheticDefaultImports":true,"allowNonTsExtensions":true,"noEmitForJsFiles":true},"typings":[],"unresolvedImports":[],"kind":"action::set"}
[12:39:19.912] Response has been sent.
[12:39:19.912] No new typings were requested as a result of typings discovery
